#
# A fatal error has been detected by the Java Runtime Environment:
#
#  Internal Error (javaClasses.cpp:129), pid=8724, tid=2560
#  fatal error: Invalid layout of preloaded class
#
# JRE version: 7.0_11-b21
# Java VM: Java HotSpot(TM) 64-Bit Server VM (23.6-b04 mixed mode windows-amd64 compressed oops)
# Failed to write core dump. Minidumps are not enabled by default on client versions of Windows
#
# If you would like to submit a bug report, please visit:
#   http://bugreport.sun.com/bugreport/crash.jsp
#

---------------  T H R E A D  ---------------

Current thread (0x000000000235d000):  JavaThread "Unknown thread" [_thread_in_vm, id=2560, stack(0x00000000021e0000,0x00000000022e0000)]

Stack: [0x00000000021e0000,0x00000000022e0000]

---------------  P R O C E S S  ---------------

Java Threads: ( => current thread )

Other Threads:

=>0x000000000235d000 (exited) JavaThread "Unknown thread" [_thread_in_vm, id=2560, stack(0x00000000021e0000,0x00000000022e0000)]

VM state:not at safepoint (not fully initialized)

VM Mutex/Monitor currently owned by a thread: None

GC Heap History (0 events):
No events

Deoptimization events (0 events):
No events

Internal exceptions (0 events):
No events

Events (10 events):
Event: 0.029 loading class 0x00000000004da0c0 done
Event: 0.029 loading class 0x0000000000493ab0 done
Event: 0.029 loading class 0x0000000000493a80
Event: 0.030 loading class 0x00000000004e24f0
Event: 0.030 loading class 0x00000000004e24f0 done
Event: 0.030 loading class 0x00000000004e2530
Event: 0.030 loading class 0x00000000004e2530 done
Event: 0.030 loading class 0x000000000b98d260
Event: 0.030 loading class 0x000000000b98d260 done
Event: 0.030 loading class 0x0000000000493a80 done


Dynamic libraries:
0x000000013ffc0000 - 0x000000013fff3000 	C:\Program Files\Java\jre7\bin\javaw.exe
0x0000000077370000 - 0x0000000077519000 	C:\Windows\SYSTEM32\ntdll.dll
0x0000000077150000 - 0x000000007726f000 	C:\Windows\system32\kernel32.dll
0x000007fefd3b0000 - 0x000007fefd41b000 	C:\Windows\system32\KERNELBASE.dll
0x000007feff2d0000 - 0x000007feff3ab000 	C:\Windows\system32\ADVAPI32.dll
0x000007fefd840000 - 0x000007fefd8df000 	C:\Windows\system32\msvcrt.dll
0x000007feff660000 - 0x000007feff67f000 	C:\Windows\SYSTEM32\sechost.dll
0x000007feff1a0000 - 0x000007feff2cd000 	C:\Windows\system32\RPCRT4.dll
0x0000000077270000 - 0x000000007736a000 	C:\Windows\system32\USER32.dll
0x000007fefdaf0000 - 0x000007fefdb57000 	C:\Windows\system32\GDI32.dll
0x000007fefda40000 - 0x000007fefda4e000 	C:\Windows\system32\LPK.dll
0x000007fefee00000 - 0x000007fefeec9000 	C:\Windows\system32\USP10.dll
0x000007fefb690000 - 0x000007fefb884000 	C:\Windows\WinSxS\amd64_microsoft.windows.common-controls_6595b64144ccf1df_6.0.7601.17514_none_fa396087175ac9ac\COMCTL32.dll
0x000007feff5e0000 - 0x000007feff651000 	C:\Windows\system32\SHLWAPI.dll
0x000007fefd8e0000 - 0x000007fefd90e000 	C:\Windows\system32\IMM32.DLL
0x000007fefd730000 - 0x000007fefd839000 	C:\Windows\system32\MSCTF.dll
0x0000000071280000 - 0x0000000071351000 	C:\Program Files\Java\jre7\bin\msvcr100.dll
0x0000000059d70000 - 0x000000005a48f000 	C:\Program Files\Java\jre7\bin\server\jvm.dll
0x000007fef3000000 - 0x000007fef3009000 	C:\Windows\system32\WSOCK32.dll
0x000007fefe970000 - 0x000007fefe9bd000 	C:\Windows\system32\WS2_32.dll
0x000007fefeed0000 - 0x000007fefeed8000 	C:\Windows\system32\NSI.dll
0x000007fefad10000 - 0x000007fefad4b000 	C:\Windows\system32\WINMM.dll
0x0000000077530000 - 0x0000000077537000 	C:\Windows\system32\PSAPI.DLL
0x0000000072b40000 - 0x0000000072b4f000 	C:\Program Files\Java\jre7\bin\verify.dll
0x0000000071410000 - 0x0000000071438000 	C:\Program Files\Java\jre7\bin\java.dll
0x00000000723e0000 - 0x00000000723f5000 	C:\Program Files\Java\jre7\bin\zip.dll

VM Arguments:
jvm_args: -Dfile.encoding=Cp1252 -Xbootclasspath:C:\adt-bundle-windows-x86_64-20131030\sdk\platforms\android-15\android.jar 
java_command: com.mhframework.gameplay.tilemap.view.MHIsoMouseMap
Launcher Type: SUN_STANDARD

Environment Variables:
CLASSPATH=.;C:\Program Files (x86)\QuickTime\QTSystem\QTJava.zip
PATH=C:\Program Files (x86)\Microsoft DirectX SDK (August 2007)\Utilities\Bin\x86;C:\Program Files\Common Files\Microsoft Shared\Microsoft Online Services;C:\Program Files (x86)\Common Files\Microsoft Shared\Microsoft Online Services;C:\Windows\system32;C:\Windows;C:\Windows\System32\Wbem;C:\Windows\System32\WindowsPowerShell\v1.0\;C:\Program Files (x86)\QuickTime\QTSystem\;C:\Program Files (x86)\Lua\5.1;C:\Program Files (x86)\Lua\5.1\clibs;C:\Program Files\Common Files\Autodesk Shared\;C:\Program Files (x86)\Autodesk\Backburner\;C:\Program Files (x86)\Microsoft SQL Server\100\Tools\Binn\;C:\Program Files\Microsoft SQL Server\100\Tools\Binn\;C:\Program Files\Microsoft SQL Server\100\DTS\Binn\;C:\Program Files (x86)\Microsoft SQL Server\100\Tools\Binn\VSShell\Common7\IDE\;C:\Program Files (x86)\Microsoft SQL Server\100\DTS\Binn\;C:\Program Files\Microsoft\Web Platform Installer\;C:\Program Files (x86)\Microsoft ASP.NET\ASP.NET Web Pages\v1.0\;C:\Program Files\Microsoft SQL Server\110\Tools\Binn\;C:\Program Files (x86)\Windows Kits\8.0\Windows Performance Toolkit\
USERNAME=D01052702
OS=Windows_NT
PROCESSOR_IDENTIFIER=Intel64 Family 6 Model 42 Stepping 7, GenuineIntel



---------------  S Y S T E M  ---------------

OS: Windows 7 , 64 bit Build 7601 Service Pack 1

CPU:total 8 (4 cores per cpu, 2 threads per core) family 6 model 42 stepping 7, cmov, cx8, fxsr, mmx, sse, sse2, sse3, ssse3, sse4.1, sse4.2, popcnt, avx, ht, tsc, tscinvbit

Memory: 4k page, physical 8337772k(4689796k free), swap 16673684k(11963448k free)

vm_info: Java HotSpot(TM) 64-Bit Server VM (23.6-b04) for windows-amd64 JRE (1.7.0_11-b21), built on Jan 12 2013 02:38:42 by "java_re" with unknown MS VC++:1600

time: Fri May 02 02:12:03 2014
elapsed time: 0 seconds

