#
# A fatal error has been detected by the Java Runtime Environment:
#
#  Internal Error (javaClasses.cpp:129), pid=6132, tid=7408
#  fatal error: Invalid layout of preloaded class
#
# JRE version: 7.0_11-b21
# Java VM: Java HotSpot(TM) 64-Bit Server VM (23.6-b04 mixed mode windows-amd64 compressed oops)
# Failed to write core dump. Minidumps are not enabled by default on client versions of Windows
#
# If you would like to submit a bug report, please visit:
#   http://bugreport.sun.com/bugreport/crash.jsp
#

---------------  T H R E A D  ---------------

Current thread (0x00000000020ed000):  JavaThread "Unknown thread" [_thread_in_vm, id=7408, stack(0x0000000002470000,0x0000000002570000)]

Stack: [0x0000000002470000,0x0000000002570000]

---------------  P R O C E S S  ---------------

Java Threads: ( => current thread )

Other Threads:

=>0x00000000020ed000 (exited) JavaThread "Unknown thread" [_thread_in_vm, id=7408, stack(0x0000000002470000,0x0000000002570000)]

VM state:not at safepoint (not fully initialized)

VM Mutex/Monitor currently owned by a thread: None

GC Heap History (0 events):
No events

Deoptimization events (0 events):
No events

Internal exceptions (0 events):
No events

Events (10 events):
Event: 0.029 loading class 0x00000000022da190 done
Event: 0.029 loading class 0x0000000002293ab0 done
Event: 0.029 loading class 0x0000000002293a80
Event: 0.030 loading class 0x00000000022e2520
Event: 0.030 loading class 0x00000000022e2520 done
Event: 0.030 loading class 0x00000000022e2560
Event: 0.030 loading class 0x00000000022e2560 done
Event: 0.030 loading class 0x000000000ba4d260
Event: 0.030 loading class 0x000000000ba4d260 done
Event: 0.030 loading class 0x0000000002293a80 done


Dynamic libraries:
0x000000013f7c0000 - 0x000000013f7f3000 	C:\Program Files\Java\jre7\bin\javaw.exe
0x0000000077430000 - 0x00000000775d9000 	C:\Windows\SYSTEM32\ntdll.dll
0x0000000077210000 - 0x000000007732f000 	C:\Windows\system32\kernel32.dll
0x000007fefd550000 - 0x000007fefd5bb000 	C:\Windows\system32\KERNELBASE.dll
0x000007feff330000 - 0x000007feff40b000 	C:\Windows\system32\ADVAPI32.dll
0x000007feff290000 - 0x000007feff32f000 	C:\Windows\system32\msvcrt.dll
0x000007fefd9c0000 - 0x000007fefd9df000 	C:\Windows\SYSTEM32\sechost.dll
0x000007fefd7e0000 - 0x000007fefd90d000 	C:\Windows\system32\RPCRT4.dll
0x0000000077330000 - 0x000000007742a000 	C:\Windows\system32\USER32.dll
0x000007fefd750000 - 0x000007fefd7b7000 	C:\Windows\system32\GDI32.dll
0x000007fefd9e0000 - 0x000007fefd9ee000 	C:\Windows\system32\LPK.dll
0x000007feff670000 - 0x000007feff739000 	C:\Windows\system32\USP10.dll
0x000007fefb960000 - 0x000007fefbb54000 	C:\Windows\WinSxS\amd64_microsoft.windows.common-controls_6595b64144ccf1df_6.0.7601.17514_none_fa396087175ac9ac\COMCTL32.dll
0x000007fefefc0000 - 0x000007feff031000 	C:\Windows\system32\SHLWAPI.dll
0x000007fefd910000 - 0x000007fefd93e000 	C:\Windows\system32\IMM32.DLL
0x000007feff180000 - 0x000007feff289000 	C:\Windows\system32\MSCTF.dll
0x000000006d080000 - 0x000000006d151000 	C:\Program Files\Java\jre7\bin\msvcr100.dll
0x000000006ec90000 - 0x000000006f3af000 	C:\Program Files\Java\jre7\bin\server\jvm.dll
0x000007fef0380000 - 0x000007fef0389000 	C:\Windows\system32\WSOCK32.dll
0x000007fefe860000 - 0x000007fefe8ad000 	C:\Windows\system32\WS2_32.dll
0x000007fefedd0000 - 0x000007fefedd8000 	C:\Windows\system32\NSI.dll
0x000007fefae20000 - 0x000007fefae5b000 	C:\Windows\system32\WINMM.dll
0x00000000775f0000 - 0x00000000775f7000 	C:\Windows\system32\PSAPI.DLL
0x0000000071770000 - 0x000000007177f000 	C:\Program Files\Java\jre7\bin\verify.dll
0x000000006d210000 - 0x000000006d238000 	C:\Program Files\Java\jre7\bin\java.dll
0x0000000070eb0000 - 0x0000000070ec5000 	C:\Program Files\Java\jre7\bin\zip.dll

VM Arguments:
jvm_args: -Dfile.encoding=Cp1252 -Xbootclasspath:C:\adt-bundle-windows-x86_64-20131030\sdk\platforms\android-15\android.jar 
java_command: com.mhframework.gameplay.actor.MHAnimator
Launcher Type: SUN_STANDARD

Environment Variables:
CLASSPATH=.;C:\Program Files (x86)\QuickTime\QTSystem\QTJava.zip
PATH=C:\Program Files (x86)\Microsoft DirectX SDK (August 2007)\Utilities\Bin\x86;C:\Program Files\Common Files\Microsoft Shared\Microsoft Online Services;C:\Program Files (x86)\Common Files\Microsoft Shared\Microsoft Online Services;C:\Windows\system32;C:\Windows;C:\Windows\System32\Wbem;C:\Windows\System32\WindowsPowerShell\v1.0\;C:\Program Files (x86)\QuickTime\QTSystem\;C:\Program Files (x86)\Lua\5.1;C:\Program Files (x86)\Lua\5.1\clibs;C:\Program Files\Common Files\Autodesk Shared\;C:\Program Files (x86)\Autodesk\Backburner\;C:\Program Files (x86)\Microsoft SQL Server\100\Tools\Binn\;C:\Program Files\Microsoft SQL Server\100\Tools\Binn\;C:\Program Files\Microsoft SQL Server\100\DTS\Binn\;C:\Program Files (x86)\Microsoft SQL Server\100\Tools\Binn\VSShell\Common7\IDE\;C:\Program Files (x86)\Microsoft SQL Server\100\DTS\Binn\;C:\Program Files\Microsoft\Web Platform Installer\;C:\Program Files (x86)\Microsoft ASP.NET\ASP.NET Web Pages\v1.0\;C:\Program Files\Microsoft SQL Server\110\Tools\Binn\;C:\Program Files (x86)\Windows Kits\8.0\Windows Performance Toolkit\
USERNAME=D01052702
OS=Windows_NT
PROCESSOR_IDENTIFIER=Intel64 Family 6 Model 42 Stepping 7, GenuineIntel



---------------  S Y S T E M  ---------------

OS: Windows 7 , 64 bit Build 7601 Service Pack 1

CPU:total 8 (4 cores per cpu, 2 threads per core) family 6 model 42 stepping 7, cmov, cx8, fxsr, mmx, sse, sse2, sse3, ssse3, sse4.1, sse4.2, popcnt, avx, ht, tsc, tscinvbit

Memory: 4k page, physical 8337772k(4185060k free), swap 16673684k(11598228k free)

vm_info: Java HotSpot(TM) 64-Bit Server VM (23.6-b04) for windows-amd64 JRE (1.7.0_11-b21), built on Jan 12 2013 02:38:42 by "java_re" with unknown MS VC++:1600

time: Thu Apr 10 14:05:24 2014
elapsed time: 0 seconds

