2013-09-01 20:08:57,854 [main] INFO  c.n.h.c.p.n.NettyAsyncHttpProvider - Number of application's worked threads is 16
2013-09-01 20:08:58,060 [pool-6-thread-1] INFO  c.n.h.c.p.n.NettyAsyncHttpProvider - Number of application's worked threads is 16
2013-09-01 20:08:58,087 [main] ERROR o.e.r.i.r.repo.ModelRepositoryIndex - Failed to open search index.
org.apache.lucene.index.IndexNotFoundException: no segments* file found in org.apache.lucene.store.SimpleFSDirectory@C:\Users\d01052702\Desktop\Dropbox\Dev\LIME4\Workspace\.metadata\.plugins\org.eclipse.recommenders.rcp\index lockFactory=org.apache.lucene.store.NativeFSLockFactory@1913073: files: []
	at org.apache.lucene.index.SegmentInfos$FindSegmentsFile.run(SegmentInfos.java:712) ~[na:na]
	at org.apache.lucene.index.DirectoryReader.open(DirectoryReader.java:75) ~[na:na]
	at org.apache.lucene.index.IndexReader.open(IndexReader.java:462) ~[na:na]
	at org.apache.lucene.index.IndexReader.open(IndexReader.java:308) ~[na:na]
	at org.eclipse.recommenders.internal.rcp.repo.ModelRepositoryIndex.open(ModelRepositoryIndex.java:64) ~[na:na]
	at org.eclipse.recommenders.internal.rcp.wiring.RecommendersModule$ServicesInitializer.<init>(RecommendersModule.java:377) ~[na:na]
	at sun.reflect.NativeConstructorAccessorImpl.newInstance0(Native Method) ~[na:1.7.0_25]
	at sun.reflect.NativeConstructorAccessorImpl.newInstance(Unknown Source) ~[na:1.7.0_25]
	at sun.reflect.DelegatingConstructorAccessorImpl.newInstance(Unknown Source) ~[na:1.7.0_25]
	at java.lang.reflect.Constructor.newInstance(Unknown Source) ~[na:1.7.0_25]
	at com.google.inject.internal.DefaultConstructionProxyFactory$1.newInstance(DefaultConstructionProxyFactory.java:85) ~[na:na]
	at com.google.inject.internal.ConstructorInjector.construct(ConstructorInjector.java:85) ~[na:na]
	at com.google.inject.internal.ConstructorBindingImpl$Factory.get(ConstructorBindingImpl.java:254) ~[na:na]
	at com.google.inject.internal.ProviderToInternalFactoryAdapter$1.call(ProviderToInternalFactoryAdapter.java:46) ~[na:na]
	at com.google.inject.internal.InjectorImpl.callInContext(InjectorImpl.java:1031) ~[na:na]
	at com.google.inject.internal.ProviderToInternalFactoryAdapter.get(ProviderToInternalFactoryAdapter.java:40) ~[na:na]
	at com.google.inject.Scopes$1$1.get(Scopes.java:65) ~[na:na]
	at com.google.inject.internal.InternalFactoryToProviderAdapter.get(InternalFactoryToProviderAdapter.java:40) ~[na:na]
	at com.google.inject.internal.InternalInjectorCreator$1.call(InternalInjectorCreator.java:204) ~[na:na]
	at com.google.inject.internal.InternalInjectorCreator$1.call(InternalInjectorCreator.java:198) ~[na:na]
	at com.google.inject.internal.InjectorImpl.callInContext(InjectorImpl.java:1024) ~[na:na]
	at com.google.inject.internal.InternalInjectorCreator.loadEagerSingletons(InternalInjectorCreator.java:198) ~[na:na]
	at com.google.inject.internal.InternalInjectorCreator.injectDynamically(InternalInjectorCreator.java:179) ~[na:na]
	at com.google.inject.internal.InternalInjectorCreator.build(InternalInjectorCreator.java:109) ~[na:na]
	at com.google.inject.Guice.createInjector(Guice.java:95) ~[na:na]
	at com.google.inject.Guice.createInjector(Guice.java:72) ~[na:na]
	at org.eclipse.recommenders.injection.InjectionService.getInjector(InjectionService.java:47) ~[na:na]
	at org.eclipse.recommenders.injection.ExtensionFactory.<init>(ExtensionFactory.java:28) ~[na:na]
	at sun.reflect.NativeConstructorAccessorImpl.newInstance0(Native Method) ~[na:1.7.0_25]
	at sun.reflect.NativeConstructorAccessorImpl.newInstance(Unknown Source) ~[na:1.7.0_25]
	at sun.reflect.DelegatingConstructorAccessorImpl.newInstance(Unknown Source) ~[na:1.7.0_25]
	at java.lang.reflect.Constructor.newInstance(Unknown Source) ~[na:1.7.0_25]
	at java.lang.Class.newInstance(Unknown Source) ~[na:1.7.0_25]
	at org.eclipse.core.internal.registry.osgi.RegistryStrategyOSGI.createExecutableExtension(RegistryStrategyOSGI.java:184) ~[org.eclipse.equinox.registry_3.5.300.v20130327-1442.jar:na]
	at org.eclipse.core.internal.registry.ExtensionRegistry.createExecutableExtension(ExtensionRegistry.java:905) ~[org.eclipse.equinox.registry_3.5.300.v20130327-1442.jar:na]
	at org.eclipse.core.internal.registry.ConfigurationElement.createExecutableExtension(ConfigurationElement.java:243) ~[org.eclipse.equinox.registry_3.5.300.v20130327-1442.jar:na]
	at org.eclipse.core.internal.registry.ConfigurationElementHandle.createExecutableExtension(ConfigurationElementHandle.java:55) ~[org.eclipse.equinox.registry_3.5.300.v20130327-1442.jar:na]
	at org.eclipse.jdt.internal.ui.text.java.CompletionProposalComputerDescriptor.createComputer(CompletionProposalComputerDescriptor.java:308) ~[na:na]
	at org.eclipse.jdt.internal.ui.text.java.CompletionProposalComputerDescriptor.getComputer(CompletionProposalComputerDescriptor.java:275) ~[na:na]
	at org.eclipse.jdt.internal.ui.text.java.CompletionProposalComputerDescriptor.sessionStarted(CompletionProposalComputerDescriptor.java:418) ~[na:na]
	at org.eclipse.jdt.internal.ui.text.java.CompletionProposalCategory.sessionStarted(CompletionProposalCategory.java:384) ~[na:na]
	at org.eclipse.jdt.internal.ui.text.java.ContentAssistProcessor$CompletionListener.assistSessionStarted(ContentAssistProcessor.java:119) ~[na:na]
	at org.eclipse.jface.text.contentassist.ContentAssistant.fireSessionBeginEvent(ContentAssistant.java:2221) ~[na:na]
	at org.eclipse.jface.text.contentassist.ContentAssistant.prepareToShowCompletions(ContentAssistant.java:1696) ~[na:na]
	at org.eclipse.jface.text.contentassist.ContentAssistant.access$6(ContentAssistant.java:1687) ~[na:na]
	at org.eclipse.jface.text.contentassist.ContentAssistant$2.run(ContentAssistant.java:376) ~[na:na]
	at org.eclipse.swt.widgets.RunnableLock.run(RunnableLock.java:35) ~[org.eclipse.swt.win32.win32.x86_3.102.0.v20130605-1544.jar:na]
	at org.eclipse.swt.widgets.Synchronizer.runAsyncMessages(Synchronizer.java:135) ~[org.eclipse.swt.win32.win32.x86_3.102.0.v20130605-1544.jar:na]
	at org.eclipse.swt.widgets.Display.runAsyncMessages(Display.java:4145) ~[org.eclipse.swt.win32.win32.x86_3.102.0.v20130605-1544.jar:na]
	at org.eclipse.swt.widgets.Display.readAndDispatch(Display.java:3762) ~[org.eclipse.swt.win32.win32.x86_3.102.0.v20130605-1544.jar:na]
	at org.eclipse.e4.ui.internal.workbench.swt.PartRenderingEngine$9.run(PartRenderingEngine.java:1113) ~[na:na]
	at org.eclipse.core.databinding.observable.Realm.runWithDefault(Realm.java:332) ~[na:na]
	at org.eclipse.e4.ui.internal.workbench.swt.PartRenderingEngine.run(PartRenderingEngine.java:997) ~[na:na]
	at org.eclipse.e4.ui.internal.workbench.E4Workbench.createAndRunUI(E4Workbench.java:138) ~[na:na]
	at org.eclipse.ui.internal.Workbench$5.run(Workbench.java:610) ~[na:na]
	at org.eclipse.core.databinding.observable.Realm.runWithDefault(Realm.java:332) ~[na:na]
	at org.eclipse.ui.internal.Workbench.createAndRunWorkbench(Workbench.java:567) ~[na:na]
	at org.eclipse.ui.PlatformUI.createAndRunWorkbench(PlatformUI.java:150) ~[na:na]
	at org.eclipse.ui.internal.ide.application.IDEApplication.start(IDEApplication.java:124) ~[na:na]
	at org.eclipse.equinox.internal.app.EclipseAppHandle.run(EclipseAppHandle.java:196) ~[org.eclipse.equinox.app_1.3.100.v20130327-1442.jar:na]
	at org.eclipse.core.runtime.internal.adaptor.EclipseAppLauncher.runApplication(EclipseAppLauncher.java:110) ~[org.eclipse.osgi_3.9.0.v20130529-1710.jar:na]
	at org.eclipse.core.runtime.internal.adaptor.EclipseAppLauncher.start(EclipseAppLauncher.java:79) ~[org.eclipse.osgi_3.9.0.v20130529-1710.jar:na]
	at org.eclipse.core.runtime.adaptor.EclipseStarter.run(EclipseStarter.java:354) ~[org.eclipse.osgi_3.9.0.v20130529-1710.jar:na]
	at org.eclipse.core.runtime.adaptor.EclipseStarter.run(EclipseStarter.java:181) ~[org.eclipse.osgi_3.9.0.v20130529-1710.jar:na]
	at sun.reflect.NativeMethodAccessorImpl.invoke0(Native Method) ~[na:1.7.0_25]
	at sun.reflect.NativeMethodAccessorImpl.invoke(Unknown Source) ~[na:1.7.0_25]
	at sun.reflect.DelegatingMethodAccessorImpl.invoke(Unknown Source) ~[na:1.7.0_25]
	at java.lang.reflect.Method.invoke(Unknown Source) ~[na:1.7.0_25]
	at org.eclipse.equinox.launcher.Main.invokeFramework(Main.java:636) ~[org.eclipse.equinox.launcher_1.3.0.v20130327-1440.jar:na]
	at org.eclipse.equinox.launcher.Main.basicRun(Main.java:591) ~[org.eclipse.equinox.launcher_1.3.0.v20130327-1440.jar:na]
	at org.eclipse.equinox.launcher.Main.run(Main.java:1450) ~[org.eclipse.equinox.launcher_1.3.0.v20130327-1440.jar:na]
2013-09-01 20:08:59,218 [pool-8-thread-1] INFO  c.n.h.c.p.n.NettyAsyncHttpProvider - Number of application's worked threads is 16
2013-09-01 21:18:25,170 [main] INFO  c.n.h.c.p.n.NettyAsyncHttpProvider - Number of application's worked threads is 16
2013-09-01 22:04:01,798 [pool-6-thread-1] INFO  c.n.h.c.p.n.NettyAsyncHttpProvider - Number of application's worked threads is 16
2013-09-01 22:04:02,435 [pool-8-thread-1] INFO  c.n.h.c.p.n.NettyAsyncHttpProvider - Number of application's worked threads is 16
2013-09-01 22:04:03,089 [pool-10-thread-1] INFO  c.n.h.c.p.n.NettyAsyncHttpProvider - Number of application's worked threads is 16
2013-09-02 15:36:25,248 [main] INFO  c.n.h.c.p.n.NettyAsyncHttpProvider - Number of application's worked threads is 16
2013-09-02 20:30:09,769 [main] INFO  c.n.h.c.p.n.NettyAsyncHttpProvider - Number of application's worked threads is 16
2013-09-05 16:44:38,213 [main] INFO  c.n.h.c.p.n.NettyAsyncHttpProvider - Number of application's worked threads is 16
2013-09-06 14:21:47,978 [main] INFO  c.n.h.c.p.n.NettyAsyncHttpProvider - Number of application's worked threads is 16
2013-09-06 23:39:03,216 [main] INFO  c.n.h.c.p.n.NettyAsyncHttpProvider - Number of application's worked threads is 16
2013-09-07 18:55:10,997 [main] INFO  c.n.h.c.p.n.NettyAsyncHttpProvider - Number of application's worked threads is 16
2013-09-08 18:33:18,844 [main] INFO  c.n.h.c.p.n.NettyAsyncHttpProvider - Number of application's worked threads is 16
2013-09-30 00:50:32,193 [main] INFO  c.n.h.c.p.n.NettyAsyncHttpProvider - Number of application's worked threads is 16
2013-10-03 01:45:44,651 [main] INFO  c.n.h.c.p.n.NettyAsyncHttpProvider - Number of application's worked threads is 16
2013-10-03 18:01:19,782 [main] INFO  c.n.h.c.p.n.NettyAsyncHttpProvider - Number of application's worked threads is 16
2013-10-03 22:44:49,089 [main] INFO  c.n.h.c.p.n.NettyAsyncHttpProvider - Number of application's worked threads is 16
2013-10-05 20:01:35,183 [main] INFO  c.n.h.c.p.n.NettyAsyncHttpProvider - Number of application's worked threads is 16
2013-10-05 23:18:36,468 [main] INFO  c.n.h.c.p.n.NettyAsyncHttpProvider - Number of application's worked threads is 16
2013-10-12 21:02:19,599 [main] INFO  c.n.h.c.p.n.NettyAsyncHttpProvider - Number of application's worked threads is 16
2013-10-12 21:02:21,245 [pool-6-thread-1] INFO  c.n.h.c.p.n.NettyAsyncHttpProvider - Number of application's worked threads is 16
2013-10-13 00:00:41,492 [main] INFO  c.n.h.c.p.n.NettyAsyncHttpProvider - Number of application's worked threads is 16
2013-10-13 17:25:21,062 [main] INFO  c.n.h.c.p.n.NettyAsyncHttpProvider - Number of application's worked threads is 16
2013-10-13 21:48:08,141 [main] INFO  c.n.h.c.p.n.NettyAsyncHttpProvider - Number of application's worked threads is 16
2013-10-18 01:08:13,982 [main] INFO  c.n.h.c.p.n.NettyAsyncHttpProvider - Number of application's worked threads is 16
2013-10-18 01:08:28,049 [Worker-2] WARN  o.e.r.i.rcp.repo.ModelRepository - 'remote-models (http://download.eclipse.org/recommenders/models/kepler/, releases+snapshots)' did not send ETAG header for 'org.eclipse.recommenders:index:zip:0.0.0'.
2013-10-18 01:08:28,280 [pool-6-thread-1] INFO  c.n.h.c.p.n.NettyAsyncHttpProvider - Number of application's worked threads is 16
2013-10-20 12:15:44,444 [main] INFO  c.n.h.c.p.n.NettyAsyncHttpProvider - Number of application's worked threads is 16
2013-10-20 12:15:45,131 [Worker-20] WARN  o.e.r.i.rcp.repo.ModelRepository - 'remote-models (http://download.eclipse.org/recommenders/models/kepler/, releases+snapshots)' did not send ETAG header for 'org.eclipse.recommenders:index:zip:0.0.0'.
2013-10-20 12:15:45,813 [pool-6-thread-1] INFO  c.n.h.c.p.n.NettyAsyncHttpProvider - Number of application's worked threads is 16
2013-10-20 12:15:45,871 [Worker-20] WARN  o.e.r.i.rcp.repo.ModelRepository - 'remote-models (http://download.eclipse.org/recommenders/models/kepler/, releases+snapshots)' did not send ETAG header for 'org.eclipse.recommenders:index:zip:0.0.0'.
2013-10-20 12:15:46,080 [Worker-20] WARN  o.e.r.i.r.repo.UpdateModelIndexJob - Updating index cancelled.
org.sonatype.aether.resolution.DependencyResolutionException: Could not transfer artifact org.eclipse.recommenders:index:zip:0.0.0 from/to remote-models (http://download.eclipse.org/recommenders/models/kepler/): Error transferring file: null to http://download.eclipse.org/recommenders/models/kepler/org/eclipse/recommenders/index/0.0.0/index-0.0.0.zip
	at org.sonatype.aether.impl.internal.DefaultRepositorySystem.resolveDependencies(DefaultRepositorySystem.java:375) ~[na:na]
	at org.eclipse.recommenders.internal.rcp.repo.ModelRepository.resolve(ModelRepository.java:226) ~[na:na]
	at org.eclipse.recommenders.internal.rcp.repo.UpdateModelIndexJob.downloadAndUnzipIndex(UpdateModelIndexJob.java:70) ~[na:na]
	at org.eclipse.recommenders.internal.rcp.repo.UpdateModelIndexJob.run(UpdateModelIndexJob.java:51) ~[na:na]
	at org.eclipse.core.internal.jobs.Worker.run(Worker.java:53) [org.eclipse.core.jobs_3.5.300.v20130429-1813.jar:na]
Caused by: org.sonatype.aether.resolution.ArtifactResolutionException: Could not transfer artifact org.eclipse.recommenders:index:zip:0.0.0 from/to remote-models (http://download.eclipse.org/recommenders/models/kepler/): Error transferring file: null to http://download.eclipse.org/recommenders/models/kepler/org/eclipse/recommenders/index/0.0.0/index-0.0.0.zip
	at org.sonatype.aether.impl.internal.DefaultArtifactResolver.resolve(DefaultArtifactResolver.java:538) ~[na:na]
	at org.sonatype.aether.impl.internal.DefaultArtifactResolver.resolveArtifacts(DefaultArtifactResolver.java:216) ~[na:na]
	at org.sonatype.aether.impl.internal.DefaultRepositorySystem.resolveDependencies(DefaultRepositorySystem.java:358) ~[na:na]
	... 4 common frames omitted
org.sonatype.aether.transfer.ArtifactTransferException: Could not transfer artifact org.eclipse.recommenders:index:zip:0.0.0 from/to remote-models (http://download.eclipse.org/recommenders/models/kepler/): Error transferring file: null to http://download.eclipse.org/recommenders/models/kepler/org/eclipse/recommenders/index/0.0.0/index-0.0.0.zip
	at org.sonatype.aether.connector.wagon.WagonRepositoryConnector$4.wrap(WagonRepositoryConnector.java:951) ~[na:na]
	at org.sonatype.aether.connector.wagon.WagonRepositoryConnector$4.wrap(WagonRepositoryConnector.java:941) ~[na:na]
	at org.sonatype.aether.connector.wagon.WagonRepositoryConnector$GetTask.run(WagonRepositoryConnector.java:669) ~[na:na]
	at org.sonatype.aether.util.concurrency.RunnableErrorForwarder$1.run(RunnableErrorForwarder.java:60) ~[na:na]
	at java.util.concurrent.ThreadPoolExecutor.runWorker(Unknown Source) ~[na:1.7.0_40]
	at java.util.concurrent.ThreadPoolExecutor$Worker.run(Unknown Source) ~[na:1.7.0_40]
	at java.lang.Thread.run(Unknown Source) ~[na:1.7.0_40]
Caused by: org.apache.maven.wagon.TransferFailedException: Error transferring file: null to http://download.eclipse.org/recommenders/models/kepler/org/eclipse/recommenders/index/0.0.0/index-0.0.0.zip
	at org.sonatype.maven.wagon.AhcWagon.fillInputData(AhcWagon.java:301) ~[na:na]
	at org.apache.maven.wagon.StreamWagon.getInputStream(StreamWagon.java:116) ~[na:na]
	at org.apache.maven.wagon.StreamWagon.getIfNewer(StreamWagon.java:88) ~[na:na]
	at org.apache.maven.wagon.StreamWagon.get(StreamWagon.java:61) ~[na:na]
	at org.sonatype.aether.connector.wagon.WagonRepositoryConnector$GetTask.run(WagonRepositoryConnector.java:601) ~[na:na]
	... 4 common frames omitted
Caused by: java.io.IOException: null to http://download.eclipse.org/recommenders/models/kepler/org/eclipse/recommenders/index/0.0.0/index-0.0.0.zip
	at org.sonatype.maven.wagon.AhcWagon.fillInputData(AhcWagon.java:270) ~[na:na]
	... 8 common frames omitted
Caused by: java.net.ConnectException: null to http://download.eclipse.org/recommenders/models/kepler/org/eclipse/recommenders/index/0.0.0/index-0.0.0.zip
	at com.ning.http.client.providers.netty.NettyConnectListener.operationComplete(NettyConnectListener.java:95) ~[na:na]
	at org.jboss.netty.channel.DefaultChannelFuture.notifyListener(DefaultChannelFuture.java:381) ~[na:na]
	at org.jboss.netty.channel.DefaultChannelFuture.addListener(DefaultChannelFuture.java:148) ~[na:na]
	at com.ning.http.client.providers.netty.NettyAsyncHttpProvider.doConnect(NettyAsyncHttpProvider.java:945) ~[na:na]
	at com.ning.http.client.providers.netty.NettyAsyncHttpProvider.execute(NettyAsyncHttpProvider.java:776) ~[na:na]
	at com.ning.http.client.AsyncHttpClient.executeRequest(AsyncHttpClient.java:484) ~[na:na]
	at com.ning.http.client.AsyncHttpClient$BoundRequestBuilder.execute(AsyncHttpClient.java:227) ~[na:na]
	at org.sonatype.maven.wagon.AhcWagon.fillInputData(AhcWagon.java:264) ~[na:na]
	... 8 common frames omitted
Caused by: java.nio.channels.UnresolvedAddressException: null
	at sun.nio.ch.Net.checkAddress(Unknown Source) ~[na:1.7.0_40]
	at sun.nio.ch.SocketChannelImpl.connect(Unknown Source) ~[na:1.7.0_40]
	at org.jboss.netty.channel.socket.nio.NioClientSocketPipelineSink.connect(NioClientSocketPipelineSink.java:140) ~[na:na]
	at org.jboss.netty.channel.socket.nio.NioClientSocketPipelineSink.eventSunk(NioClientSocketPipelineSink.java:103) ~[na:na]
	at org.jboss.netty.handler.codec.oneone.OneToOneEncoder.handleDownstream(OneToOneEncoder.java:60) ~[na:na]
	at org.jboss.netty.handler.codec.http.HttpClientCodec.handleDownstream(HttpClientCodec.java:82) ~[na:na]
	at org.jboss.netty.handler.stream.ChunkedWriteHandler.handleDownstream(ChunkedWriteHandler.java:115) ~[na:na]
	at org.jboss.netty.channel.Channels.connect(Channels.java:541) ~[na:na]
	at org.jboss.netty.channel.AbstractChannel.connect(AbstractChannel.java:210) ~[na:na]
	at org.jboss.netty.bootstrap.ClientBootstrap.connect(ClientBootstrap.java:227) ~[na:na]
	at org.jboss.netty.bootstrap.ClientBootstrap.connect(ClientBootstrap.java:188) ~[na:na]
	at com.ning.http.client.providers.netty.NettyAsyncHttpProvider.doConnect(NettyAsyncHttpProvider.java:902) ~[na:na]
	... 12 common frames omitted
2013-11-27 17:22:04,324 [main] INFO  c.n.h.c.p.n.NettyAsyncHttpProvider - Number of application's worked threads is 16
2013-11-27 17:22:05,006 [Worker-10] WARN  o.e.r.i.rcp.repo.ModelRepository - 'remote-models (http://download.eclipse.org/recommenders/models/kepler/, releases+snapshots)' did not send ETAG header for 'org.eclipse.recommenders:index:zip:0.0.0'.
2013-11-27 18:05:31,447 [main] INFO  c.n.h.c.p.n.NettyAsyncHttpProvider - Number of application's worked threads is 16
2013-11-27 18:05:31,899 [Worker-0] WARN  o.e.r.i.rcp.repo.ModelRepository - 'remote-models (http://download.eclipse.org/recommenders/models/kepler/, releases+snapshots)' did not send ETAG header for 'org.eclipse.recommenders:index:zip:0.0.0'.
2013-11-29 19:36:51,494 [main] INFO  c.n.h.c.p.n.NettyAsyncHttpProvider - Number of application's worked threads is 16
2013-11-29 19:36:52,165 [Worker-21] WARN  o.e.r.i.rcp.repo.ModelRepository - 'remote-models (http://download.eclipse.org/recommenders/models/kepler/, releases+snapshots)' did not send ETAG header for 'org.eclipse.recommenders:index:zip:0.0.0'.
